<?xml version="1.0" encoding="UTF-8"?>
<!-- Generated by org.testng.reporters.JUnitXMLReporter -->
<testsuite ignored="0" hostname="VMT15594" failures="0" tests="5" name="ErieParameterizingUsingTestNGXmlTest" time="0.05" errors="0" timestamp="2023-01-04T13:00:30 IST">
  <testcase classname="testng.tutorial.ErieParameterizingUsingTestNGXml" name="HomeLoanLogin" time="0.006"/>
  <testcase classname="testng.tutorial.ErieParameterizingUsingTestNGXml" name="carLoanLogin" time="0.001"/>
  <testcase classname="testng.tutorial.ErieParameterizingUsingTestNGXml" name="nameOfTheDomainOfBusiness" time="0.001"/>
  <testcase classname="testng.tutorial.ErieParameterizingUsingTestNGXml" name="personalLoanLogin" time="0.0"/>
  <testcase classname="testng.tutorial.ErieParameterizingUsingTestNGXml" name="pintPolicyNumberAndAccountHolderName" time="0.001"/>
</testsuite> <!-- ErieParameterizingUsingTestNGXmlTest -->
