<?xml version="1.0" encoding="UTF-8"?>
<!-- Generated by org.testng.reporters.JUnitXMLReporter -->
<testsuite ignored="0" hostname="VMT15594" failures="0" tests="4" name="GeicoParameterizingUsingTestNGXmlTest" time="0.009" errors="0" timestamp="2023-01-04T13:00:30 IST">
  <testcase classname="testng.tutorial.GeicoParameterizingUsingTestNGXml" name="HomeLoanLogin" time="0.0"/>
  <testcase classname="testng.tutorial.GeicoParameterizingUsingTestNGXml" name="carLoanLogin" time="0.001"/>
  <testcase classname="testng.tutorial.GeicoParameterizingUsingTestNGXml" name="carLoanLogin2" time="0.001"/>
  <testcase classname="testng.tutorial.GeicoParameterizingUsingTestNGXml" name="personalLoanLogin" time="0.0"/>
</testsuite> <!-- GeicoParameterizingUsingTestNGXmlTest -->
