<?xml version="1.0" encoding="UTF-8"?>
<!-- Generated by org.testng.reporters.JUnitXMLReporter -->
<testsuite ignored="0" hostname="VMT15594" failures="0" tests="12" name="BeforeAndAfterMethodTest" time="0.08" errors="0" timestamp="2023-01-03T15:44:33 IST">
  <testcase classname="testng.tutorial.day1" name="itsATestCaseName" time="0.007"/>
  <testcase classname="testng.tutorial.day1" name="tet2" time="0.001"/>
  <testcase classname="testng.tutorial.day2" name="day2Test" time="0.001"/>
  <testcase classname="testng.tutorial.day3" name="carCoverageValidation" time="0.001"/>
  <testcase classname="testng.tutorial.day3" name="carLoanAPILigin" time="0.001"/>
  <testcase classname="testng.tutorial.day3" name="carLoanMobileLigin" time="0.002"/>
  <testcase classname="testng.tutorial.day3" name="carLoanWebLigin" time="0.0"/>
  <testcase classname="testng.tutorial.day3" name="carTelematicValidation" time="0.001"/>
  <testcase classname="testng.tutorial.day3" name="carZeroDipValidation" time="0.001"/>
  <testcase classname="testng.tutorial.day4" name="HomeLoanAPILigin" time="0.001"/>
  <testcase classname="testng.tutorial.day4" name="HomeLoanMobileLigin" time="0.001"/>
  <testcase classname="testng.tutorial.day4" name="HomeLoanWebLigin" time="0.001"/>
</testsuite> <!-- BeforeAndAfterMethodTest -->
