<?xml version="1.0" encoding="UTF-8"?>
<!-- Generated by org.testng.reporters.JUnitXMLReporter -->
<testsuite ignored="0" hostname="VMT15594" failures="0" tests="6" name="Test" time="0.08" errors="0" timestamp="2023-01-03T06:24:49 IST">
  <testcase classname="testNGBeforeTestAnnotations.day2" name="day2Test" time="0.01"/>
  <testcase classname="testNGBeforeTestAnnotations.day4" name="HomeLoanWebLigin" time="0.013"/>
  <testcase classname="testNGBeforeTestAnnotations.day4" name="HomeLoanAPILigin" time="0.014"/>
  <testcase classname="testNGBeforeTestAnnotations.day1" name="itsATestCaseName" time="0.016"/>
  <testcase classname="testNGBeforeTestAnnotations.day1" name="tet2" time="0.017"/>
  <testcase classname="testNGBeforeTestAnnotations.day4" name="HomeLoanMobileLigin" time="0.019"/>
</testsuite> <!-- Test -->
