<?xml version="1.0" encoding="UTF-8"?>
<!-- Generated by org.testng.reporters.JUnitXMLReporter -->
<testsuite ignored="0" hostname="VMT15594" failures="0" tests="16" name="MethodLevelParallelTestTest" time="488.214" errors="0" timestamp="2023-01-03T11:52:50 IST">
  <testcase classname="testNgParllelMethodExecution.day4" name="HomeLoanWebLigin2" time="61.057"/>
  <testcase classname="testNgParllelMethodExecution.day4" name="HomeLoanWebLigin1" time="61.057"/>
  <testcase classname="testNgParllelMethodExecution.day4" name="HomeLoanWebLigin4" time="61.012"/>
  <testcase classname="testNgParllelMethodExecution.day4" name="HomeLoanWebLigin3" time="61.012"/>
  <testcase classname="testNgParllelMethodExecution.day5" name="HomeLoanWebLigin1" time="61.005"/>
  <testcase classname="testNgParllelMethodExecution.day5" name="HomeLoanWebLigin2" time="61.018"/>
  <testcase classname="testNgParllelMethodExecution.day5" name="HomeLoanWebLigin3" time="61.007"/>
  <testcase classname="testNgParllelMethodExecution.day5" name="HomeLoanWebLigin4" time="61.007"/>
  <testcase classname="testNgParllelMethodExecution.day6" name="HomeLoanWebLigin1" time="61.016"/>
  <testcase classname="testNgParllelMethodExecution.day6" name="HomeLoanWebLigin2" time="61.016"/>
  <testcase classname="testNgParllelMethodExecution.day6" name="HomeLoanWebLigin3" time="61.015"/>
  <testcase classname="testNgParllelMethodExecution.day6" name="HomeLoanWebLigin4" time="61.015"/>
  <testcase classname="testNgParllelMethodExecution.day7" name="HomeLoanWebLigin1" time="61.018"/>
  <testcase classname="testNgParllelMethodExecution.day7" name="HomeLoanWebLigin2" time="61.017"/>
  <testcase classname="testNgParllelMethodExecution.day7" name="HomeLoanWebLigin3" time="61.01"/>
  <testcase classname="testNgParllelMethodExecution.day7" name="HomeLoanWebLigin4" time="61.011"/>
</testsuite> <!-- MethodLevelParallelTestTest -->
