<?xml version="1.0" encoding="UTF-8"?>
<!-- Generated by org.testng.reporters.JUnitXMLReporter -->
<testsuite ignored="0" hostname="VMT15594" failures="0" tests="8" name="MethodLevelParallelTestTest1" time="244.136" errors="0" timestamp="2023-01-03T12:37:20 IST">
  <testcase classname="testNgParllelMethodExecution.day4" name="HomeLoanWebLigin2" time="61.045"/>
  <testcase classname="testNgParllelMethodExecution.day4" name="HomeLoanWebLigin1" time="61.045"/>
  <testcase classname="testNgParllelMethodExecution.day4" name="HomeLoanWebLigin3" time="61.004"/>
  <testcase classname="testNgParllelMethodExecution.day4" name="HomeLoanWebLigin4" time="61.018"/>
  <testcase classname="testNgParllelMethodExecution.day5" name="HomeLoanWebLigin1" time="61.016"/>
  <testcase classname="testNgParllelMethodExecution.day5" name="HomeLoanWebLigin2" time="61.016"/>
  <testcase classname="testNgParllelMethodExecution.day5" name="HomeLoanWebLigin3" time="61.009"/>
  <testcase classname="testNgParllelMethodExecution.day5" name="HomeLoanWebLigin4" time="61.008"/>
</testsuite> <!-- MethodLevelParallelTestTest1 -->
