<?xml version="1.0" encoding="UTF-8"?>
<!-- Generated by org.testng.reporters.JUnitXMLReporter -->
<testsuite ignored="0" hostname="VMT15594" failures="0" tests="8" name="MethodLevelParallelTestTest2" time="244.061" errors="0" timestamp="2023-01-03T12:41:24 IST">
  <testcase classname="testNgParllelMethodExecution.day6" name="HomeLoanWebLigin2" time="61.007"/>
  <testcase classname="testNgParllelMethodExecution.day6" name="HomeLoanWebLigin1" time="61.007"/>
  <testcase classname="testNgParllelMethodExecution.day6" name="HomeLoanWebLigin4" time="61.016"/>
  <testcase classname="testNgParllelMethodExecution.day6" name="HomeLoanWebLigin3" time="61.017"/>
  <testcase classname="testNgParllelMethodExecution.day7" name="HomeLoanWebLigin1" time="61.012"/>
  <testcase classname="testNgParllelMethodExecution.day7" name="HomeLoanWebLigin2" time="61.011"/>
  <testcase classname="testNgParllelMethodExecution.day7" name="HomeLoanWebLigin3" time="61.014"/>
  <testcase classname="testNgParllelMethodExecution.day7" name="HomeLoanWebLigin4" time="61.013"/>
</testsuite> <!-- MethodLevelParallelTestTest2 -->
