<?xml version="1.0" encoding="UTF-8"?>
<!-- Generated by org.testng.reporters.JUnitXMLReporter -->
<testsuite ignored="1" hostname="VMT15594" failures="1" tests="4" name="AnnatationsHelperAttributesTest" time="4.101" errors="0" timestamp="2023-01-03T18:23:15 IST">
  <testcase classname="testng.tutorial.AnnotationHelperAttributes" name="ErieCustomerAuthentication" time="0.016"/>
  <testcase classname="testng.tutorial.AnnotationHelperAttributes" name="erieCustomerCanceRewrite" time="4.017">
    <failure type="org.testng.internal.thread.ThreadTimeoutException" message="Method testng.tutorial.AnnotationHelperAttributes.erieCustomerCanceRewrite() didn&amp;apos;t finish within the time-out 4000">
      <![CDATA[org.testng.internal.thread.ThreadTimeoutException: Method testng.tutorial.AnnotationHelperAttributes.erieCustomerCanceRewrite() didn't finish within the time-out 4000
at java.base/java.util.ArrayList.forEach(ArrayList.java:1511)
... Removed 24 stack frames]]>
    </failure>
  </testcase> <!-- erieCustomerCanceRewrite -->
  <testcase classname="testng.tutorial.AnnotationHelperAttributes" name="ErieCustomerPolicyRenewalEligebility" time="0.002"/>
  <testcase classname="testng.tutorial.AnnotationHelperAttributes" name="ErieCustomerDoPolicyRenewal" time="0.002"/>
  <testcase classname="testng.tutorial.AnnotationHelperAttributes" name="ErieCustomerDOChangeOfState" time="0.0">
    <ignored/>
  </testcase> <!-- ErieCustomerDOChangeOfState -->
</testsuite> <!-- AnnatationsHelperAttributesTest -->
