<?xml version="1.0" encoding="UTF-8"?>
<!-- Generated by org.testng.reporters.JUnitXMLReporter -->
<testsuite ignored="0" hostname="VMT15594" failures="0" tests="12" name="TestParallel" time="10.645" errors="0" timestamp="2023-01-02T19:44:19 IST">
  <testcase classname="testng.tutorial.day2" name="day2Test" time="0.008"/>
  <testcase classname="testng.tutorial.day4" name="HomeLoanAPILigin" time="0.008"/>
  <testcase classname="testng.tutorial.day1" name="itsATestCaseName" time="0.009"/>
  <testcase classname="testng.tutorial.day1" name="tet2" time="0.002"/>
  <testcase classname="testng.tutorial.day4" name="HomeLoanMobileLigin" time="0.004"/>
  <testcase classname="testng.tutorial.day4" name="HomeLoanWebLigin" time="0.001"/>
  <testcase classname="testng.tutorial.day3" name="carCoverageValidation" time="3.363"/>
  <testcase classname="testng.tutorial.day3" name="carLoanAPILigin" time="1.532"/>
  <testcase classname="testng.tutorial.day3" name="carLoanMobileLigin" time="1.518"/>
  <testcase classname="testng.tutorial.day3" name="carLoanWebLigin" time="1.429"/>
  <testcase classname="testng.tutorial.day3" name="carTelematicValidation" time="1.4"/>
  <testcase classname="testng.tutorial.day3" name="carZeroDipValidation" time="1.355"/>
</testsuite> <!-- TestParallel -->
