<?xml version="1.0" encoding="UTF-8"?>
<!-- Generated by org.testng.reporters.JUnitXMLReporter -->
<testsuite ignored="0" hostname="VMT15594" failures="0" tests="8" name="TestOrModuleLevelTest1" time="488.163" errors="0" timestamp="2023-01-03T13:18:34 IST">
  <testcase classname="testNgParllelTestORModuleExecution.day4Test1Module" name="HomeLoanWebLigin1" time="61.044"/>
  <testcase classname="testNgParllelTestORModuleExecution.day4Test1Module" name="HomeLoanWebLigin2" time="61.005"/>
  <testcase classname="testNgParllelTestORModuleExecution.day4Test1Module" name="HomeLoanWebLigin3" time="61.016"/>
  <testcase classname="testNgParllelTestORModuleExecution.day4Test1Module" name="HomeLoanWebLigin4" time="61.015"/>
  <testcase classname="testNgParllelTestORModuleExecution.day5Test1Module" name="HomeLoanWebLigin1" time="61.004"/>
  <testcase classname="testNgParllelTestORModuleExecution.day5Test1Module" name="HomeLoanWebLigin2" time="61.002"/>
  <testcase classname="testNgParllelTestORModuleExecution.day5Test1Module" name="HomeLoanWebLigin3" time="61.011"/>
  <testcase classname="testNgParllelTestORModuleExecution.day5Test1Module" name="HomeLoanWebLigin4" time="61.011"/>
</testsuite> <!-- TestOrModuleLevelTest1 -->
