<?xml version="1.0" encoding="UTF-8"?>
<!-- Generated by org.testng.reporters.JUnitXMLReporter -->
<testsuite ignored="0" hostname="VMT15594" failures="0" tests="8" name="TestOrModuleLevelTest2" time="488.174" errors="0" timestamp="2023-01-03T13:18:34 IST">
  <testcase classname="testNgParllelTestORModuleExecution.day6Test2Module" name="HomeLoanWebLigin1" time="61.044"/>
  <testcase classname="testNgParllelTestORModuleExecution.day6Test2Module" name="HomeLoanWebLigin2" time="61.019"/>
  <testcase classname="testNgParllelTestORModuleExecution.day6Test2Module" name="HomeLoanWebLigin3" time="61.017"/>
  <testcase classname="testNgParllelTestORModuleExecution.day6Test2Module" name="HomeLoanWebLigin4" time="61.014"/>
  <testcase classname="testNgParllelTestORModuleExecution.day7Test2Module" name="HomeLoanWebLigin1" time="61.006"/>
  <testcase classname="testNgParllelTestORModuleExecution.day7Test2Module" name="HomeLoanWebLigin2" time="61.002"/>
  <testcase classname="testNgParllelTestORModuleExecution.day7Test2Module" name="HomeLoanWebLigin3" time="61.012"/>
  <testcase classname="testNgParllelTestORModuleExecution.day7Test2Module" name="HomeLoanWebLigin4" time="61.011"/>
</testsuite> <!-- TestOrModuleLevelTest2 -->
