<?xml version="1.0" encoding="UTF-8"?>
<!-- Generated by org.testng.reporters.JUnitXMLReporter -->
<testsuite ignored="6" hostname="VMT15594" failures="0" tests="0" time="0.0" errors="0" timestamp="2023-01-02T18:42:39 IST">
  <testcase classname="testng.tutorial.day3" name="carZeroDipValidation" time="0.0">
    <ignored/>
  </testcase> <!-- carZeroDipValidation -->
  <testcase classname="testng.tutorial.day3" name="carLoanWebLigin" time="0.0">
    <ignored/>
  </testcase> <!-- carLoanWebLigin -->
  <testcase classname="testng.tutorial.day3" name="carLoanMobileLigin" time="0.0">
    <ignored/>
  </testcase> <!-- carLoanMobileLigin -->
  <testcase classname="testng.tutorial.day3" name="carLoanAPILigin" time="0.0">
    <ignored/>
  </testcase> <!-- carLoanAPILigin -->
  <testcase classname="testng.tutorial.day3" name="carCoverageValidation" time="0.0">
    <ignored/>
  </testcase> <!-- carCoverageValidation -->
  <testcase classname="testng.tutorial.day3" name="carTelematicValidation" time="0.0">
    <ignored/>
  </testcase> <!-- carTelematicValidation -->
</testsuite>
