<?xml version="1.0" encoding="UTF-8"?>
<!-- Generated by org.testng.reporters.JUnitXMLReporter -->
<testsuite ignored="2" hostname="VMT15594" failures="0" tests="1" name="Home Loan" time="0.003" errors="0" timestamp="2023-01-02T18:42:39 IST">
  <testcase classname="testng.tutorial.day4" name="HomeLoanMobileLigin" time="0.001"/>
  <testcase classname="testng.tutorial.day4" name="HomeLoanWebLigin" time="0.0">
    <ignored/>
  </testcase> <!-- HomeLoanWebLigin -->
  <testcase classname="testng.tutorial.day4" name="HomeLoanAPILigin" time="0.0">
    <ignored/>
  </testcase> <!-- HomeLoanAPILigin -->
</testsuite> <!-- Home Loan -->
