<?xml version="1.0" encoding="UTF-8"?>
<!-- Generated by org.testng.reporters.JUnitXMLReporter -->
<testsuite ignored="0" hostname="VMT15594" failures="0" tests="9" name="Personal and Home Loan" time="0.114" errors="0" timestamp="2023-01-02T18:53:23 IST">
  <testcase classname="testng.tutorial2.day3" name="carCoverageValidation" time="0.013"/>
  <testcase classname="testng.tutorial2.day3" name="carLoanAPILigin" time="0.002"/>
  <testcase classname="testng.tutorial2.day3" name="carLoanMobileLigin" time="0.001"/>
  <testcase classname="testng.tutorial2.day3" name="carLoanWebLigin" time="0.003"/>
  <testcase classname="testng.tutorial2.day3" name="carTelematicValidation" time="0.002"/>
  <testcase classname="testng.tutorial2.day3" name="carZeroDipValidation" time="0.002"/>
  <testcase classname="testng.tutorial2.day4" name="HomeLoanAPILigin" time="0.001"/>
  <testcase classname="testng.tutorial2.day4" name="HomeLoanMobileLigin" time="0.001"/>
  <testcase classname="testng.tutorial2.day4" name="HomeLoanWebLigin" time="0.001"/>
</testsuite> <!-- Personal and Home Loan -->
