<?xml version="1.0" encoding="UTF-8"?>
<!-- Generated by org.testng.reporters.JUnitXMLReporter -->
<testsuite ignored="0" hostname="VMT15594" failures="0" tests="3" name="Personal Loan" time="0.053" errors="0" timestamp="2023-01-02T18:42:39 IST">
  <testcase classname="testng.tutorial.day1" name="itsATestCaseName" time="0.007"/>
  <testcase classname="testng.tutorial.day1" name="tet2" time="0.001"/>
  <testcase classname="testng.tutorial.day2" name="day2Test" time="0.001"/>
</testsuite> <!-- Personal Loan -->
