<?xml version="1.0" encoding="UTF-8"?>
<!-- Generated by org.testng.reporters.JUnitXMLReporter -->
<testsuite ignored="0" hostname="VMT15594" failures="4" tests="6" name="ListenerTest" time="0.099" errors="0" timestamp="2023-01-04T18:38:11 IST">
  <testcase classname="testng.tutorial.day3" name="carCoverageValidation" time="0.011">
    <failure type="java.lang.AssertionError" message="expected [true] but found [false]">
      <![CDATA[java.lang.AssertionError: expected [true] but found [false]
at testng.tutorial.day3.carCoverageValidation(day3.java:77)
at java.base/java.util.ArrayList.forEach(ArrayList.java:1511)
... Removed 31 stack frames]]>
    </failure>
  </testcase> <!-- carCoverageValidation -->
  <testcase classname="testng.tutorial.day3" name="carLoanAPILigin" time="0.001"/>
  <testcase classname="testng.tutorial.day3" name="carLoanMobileLigin" time="0.001">
    <failure type="java.lang.AssertionError" message="expected [false] but found [true]">
      <![CDATA[java.lang.AssertionError: expected [false] but found [true]
at testng.tutorial.day3.carLoanMobileLigin(day3.java:54)
at java.base/java.util.ArrayList.forEach(ArrayList.java:1511)
... Removed 31 stack frames]]>
    </failure>
  </testcase> <!-- carLoanMobileLigin -->
  <testcase classname="testng.tutorial.day3" name="carLoanWebLigin" time="0.001">
    <failure type="java.lang.AssertionError" message="expected [true] but found [false]">
      <![CDATA[java.lang.AssertionError: expected [true] but found [false]
at testng.tutorial.day3.carLoanWebLigin(day3.java:45)
at java.base/java.util.ArrayList.forEach(ArrayList.java:1511)
... Removed 31 stack frames]]>
    </failure>
  </testcase> <!-- carLoanWebLigin -->
  <testcase classname="testng.tutorial.day3" name="carTelematicValidation" time="0.001"/>
  <testcase classname="testng.tutorial.day3" name="carZeroDipValidation" time="0.001">
    <failure type="java.lang.AssertionError" message="expected [true] but found [false]">
      <![CDATA[java.lang.AssertionError: expected [true] but found [false]
at testng.tutorial.day3.carZeroDipValidation(day3.java:96)
at java.base/java.util.ArrayList.forEach(ArrayList.java:1511)
... Removed 31 stack frames]]>
    </failure>
  </testcase> <!-- carZeroDipValidation -->
</testsuite> <!-- ListenerTest -->
