<?xml version="1.0" encoding="UTF-8"?>
<!-- Generated by org.testng.reporters.JUnitXMLReporter -->
<testsuite ignored="0" hostname="VMT15594" failures="0" tests="4" name="DataProviderDemoTest" time="0.048" errors="0" timestamp="2023-01-04T15:16:10 IST">
  <testcase classname="testng.tutorial.DataProviderDemoTODriveTestCasesMultipleIterations" name="displayMessage" time="0.005"/>
  <testcase classname="testng.tutorial.DataProviderDemoTODriveTestCasesMultipleIterations" name="testGeicoLogin" time="0.005"/>
  <testcase classname="testng.tutorial.DataProviderDemoTODriveTestCasesMultipleIterations" name="testGeicoLogin" time="0.001"/>
  <testcase classname="testng.tutorial.DataProviderDemoTODriveTestCasesMultipleIterations" name="testGeicoLogin" time="0.001"/>
</testsuite> <!-- DataProviderDemoTest -->
