<?xml version="1.0" encoding="UTF-8"?>
<!-- Generated by org.testng.reporters.JUnitXMLReporter -->
<testsuite ignored="0" hostname="VMT15594" failures="0" tests="4" name="ClassLevelParallelTest" time="122.099" errors="0" timestamp="2023-01-03T13:32:07 IST">
  <testcase classname="testNgParllelClassExecution.day6" name="HomeLoanWebLigin" time="61.035"/>
  <testcase classname="testNgParllelClassExecution.day4" name="HomeLoanWebLigin" time="61.035"/>
  <testcase classname="testNgParllelClassExecution.day7" name="HomeLoanWebLigin" time="61.012"/>
  <testcase classname="testNgParllelClassExecution.day5" name="HomeLoanWebLigin" time="61.013"/>
</testsuite> <!-- ClassLevelParallelTest -->
