<?xml version="1.0" encoding="UTF-8"?>
<!-- Generated by org.testng.reporters.JUnitXMLReporter -->
<testsuite ignored="0" hostname="VMT15594" failures="0" tests="12" name="BeforeSuiteTest" time="14.684" errors="0" timestamp="2023-01-03T15:27:52 IST">
  <testcase classname="testng.tutorial.day1" name="itsATestCaseName" time="0.005"/>
  <testcase classname="testng.tutorial.day1" name="tet2" time="0.001"/>
  <testcase classname="testng.tutorial.day2" name="day2Test" time="0.002"/>
  <testcase classname="testng.tutorial.day3" name="carCoverageValidation" time="7.582"/>
  <testcase classname="testng.tutorial.day3" name="carLoanAPILigin" time="1.502"/>
  <testcase classname="testng.tutorial.day3" name="carLoanMobileLigin" time="1.458"/>
  <testcase classname="testng.tutorial.day3" name="carLoanWebLigin" time="1.397"/>
  <testcase classname="testng.tutorial.day3" name="carTelematicValidation" time="1.323"/>
  <testcase classname="testng.tutorial.day3" name="carZeroDipValidation" time="1.368"/>
  <testcase classname="testng.tutorial.day4" name="HomeLoanAPILigin" time="0.0"/>
  <testcase classname="testng.tutorial.day4" name="HomeLoanMobileLigin" time="0.001"/>
  <testcase classname="testng.tutorial.day4" name="HomeLoanWebLigin" time="0.0"/>
</testsuite> <!-- BeforeSuiteTest -->
