<?xml version="1.0" encoding="UTF-8"?>
<testng-results ignored="0" total="6" passed="6" failed="0" skipped="0">
  <reporter-output>
  </reporter-output>
  <suite started-at="2023-01-03T06:24:49 IST" name="Suite" finished-at="2023-01-03T06:24:49 IST" duration-ms="80">
    <groups>
    </groups>
    <test started-at="2023-01-03T06:24:49 IST" name="Test" finished-at="2023-01-03T06:24:49 IST" duration-ms="80">
      <class name="testNGBeforeTestAnnotations.day2">
        <test-method signature="day2Test()[pri:0, instance:testNGBeforeTestAnnotations.day2@53ce1329]" started-at="2023-01-03T06:24:49 IST" name="day2Test" finished-at="2023-01-03T06:24:49 IST" duration-ms="10" status="PASS">
          <reporter-output>
          </reporter-output>
        </test-method> <!-- day2Test -->
      </class> <!-- testNGBeforeTestAnnotations.day2 -->
      <class name="testNGBeforeTestAnnotations.day4">
        <test-method is-config="true" signature="beforeTestForTestTagModule()[pri:0, instance:testNGBeforeTestAnnotations.day4@2805d709]" started-at="2023-01-03T06:24:49 IST" name="beforeTestForTestTagModule" finished-at="2023-01-03T06:24:49 IST" duration-ms="7" status="PASS">
          <reporter-output>
          </reporter-output>
        </test-method> <!-- beforeTestForTestTagModule -->
        <test-method signature="HomeLoanMobileLigin()[pri:0, instance:testNGBeforeTestAnnotations.day4@2805d709]" started-at="2023-01-03T06:24:49 IST" name="HomeLoanMobileLigin" finished-at="2023-01-03T06:24:49 IST" duration-ms="19" status="PASS">
          <reporter-output>
          </reporter-output>
        </test-method> <!-- HomeLoanMobileLigin -->
        <test-method signature="HomeLoanAPILigin()[pri:0, instance:testNGBeforeTestAnnotations.day4@2805d709]" started-at="2023-01-03T06:24:49 IST" name="HomeLoanAPILigin" finished-at="2023-01-03T06:24:49 IST" duration-ms="14" status="PASS">
          <reporter-output>
          </reporter-output>
        </test-method> <!-- HomeLoanAPILigin -->
        <test-method signature="HomeLoanWebLigin()[pri:0, instance:testNGBeforeTestAnnotations.day4@2805d709]" started-at="2023-01-03T06:24:49 IST" name="HomeLoanWebLigin" finished-at="2023-01-03T06:24:49 IST" duration-ms="13" status="PASS">
          <reporter-output>
          </reporter-output>
        </test-method> <!-- HomeLoanWebLigin -->
      </class> <!-- testNGBeforeTestAnnotations.day4 -->
      <class name="testNGBeforeTestAnnotations.day1">
        <test-method signature="tet2()[pri:0, instance:testNGBeforeTestAnnotations.day1@ffaa6af]" started-at="2023-01-03T06:24:49 IST" name="tet2" finished-at="2023-01-03T06:24:49 IST" duration-ms="17" status="PASS">
          <reporter-output>
          </reporter-output>
        </test-method> <!-- tet2 -->
        <test-method signature="itsATestCaseName()[pri:0, instance:testNGBeforeTestAnnotations.day1@ffaa6af]" started-at="2023-01-03T06:24:49 IST" name="itsATestCaseName" finished-at="2023-01-03T06:24:49 IST" duration-ms="16" status="PASS">
          <reporter-output>
          </reporter-output>
        </test-method> <!-- itsATestCaseName -->
        <test-method is-config="true" signature="beforeTestForTestTagModule()[pri:0, instance:testNGBeforeTestAnnotations.day1@ffaa6af]" started-at="2023-01-03T06:24:49 IST" name="beforeTestForTestTagModule" finished-at="2023-01-03T06:24:49 IST" duration-ms="0" status="PASS">
          <reporter-output>
          </reporter-output>
        </test-method> <!-- beforeTestForTestTagModule -->
      </class> <!-- testNGBeforeTestAnnotations.day1 -->
    </test> <!-- Test -->
  </suite> <!-- Suite -->
</testng-results>
