<?xml version="1.0" encoding="UTF-8"?>
<!-- Generated by org.testng.reporters.JUnitXMLReporter -->
<testsuite ignored="0" hostname="VMT15594" failures="0" tests="6" name="TestParallel" time="10.211" errors="0" timestamp="2023-01-02T19:42:40 IST">
  <testcase classname="testng.tutorial.day3" name="carCoverageValidation" time="3.074"/>
  <testcase classname="testng.tutorial.day3" name="carLoanAPILigin" time="1.653"/>
  <testcase classname="testng.tutorial.day3" name="carLoanMobileLigin" time="1.386"/>
  <testcase classname="testng.tutorial.day3" name="carLoanWebLigin" time="1.369"/>
  <testcase classname="testng.tutorial.day3" name="carTelematicValidation" time="1.37"/>
  <testcase classname="testng.tutorial.day3" name="carZeroDipValidation" time="1.308"/>
</testsuite> <!-- TestParallel -->
