<?xml version="1.0" encoding="UTF-8"?>
<!-- Generated by org.testng.reporters.JUnitXMLReporter -->
<testsuite ignored="0" hostname="VMT15594" failures="0" tests="6" name="TestParallel" time="12.324" errors="0" timestamp="2023-01-03T06:19:11 IST">
  <testcase classname="testng.tutorial.day3" name="carCoverageValidation" time="5.166"/>
  <testcase classname="testng.tutorial.day3" name="carLoanAPILigin" time="1.624"/>
  <testcase classname="testng.tutorial.day3" name="carLoanMobileLigin" time="1.572"/>
  <testcase classname="testng.tutorial.day3" name="carLoanWebLigin" time="1.33"/>
  <testcase classname="testng.tutorial.day3" name="carTelematicValidation" time="1.289"/>
  <testcase classname="testng.tutorial.day3" name="carZeroDipValidation" time="1.268"/>
</testsuite> <!-- TestParallel -->
