<?xml version="1.0" encoding="UTF-8"?>
<!-- Generated by org.testng.reporters.JUnitXMLReporter -->
<testsuite ignored="7" hostname="VMT15594" failures="0" tests="5" name="GroupsTest" time="0.061" errors="0" timestamp="2023-01-03T16:38:45 IST">
  <testcase classname="testng.GroupingFor.smoke.day3" name="carLoanMobileLigin" time="0.008"/>
  <testcase classname="testng.GroupingFor.smoke.day2" name="day2Test" time="0.002"/>
  <testcase classname="testng.GroupingFor.smoke.day1" name="itsATestCaseName" time="0.0"/>
  <testcase classname="testng.GroupingFor.smoke.day4" name="HomeLoanAPILigin" time="0.001"/>
  <testcase classname="testng.GroupingFor.smoke.day4" name="HomeLoanMobileLigin" time="0.0"/>
  <testcase classname="testng.GroupingFor.smoke.day4" name="HomeLoanWebLigin" time="0.0">
    <ignored/>
  </testcase> <!-- HomeLoanWebLigin -->
  <testcase classname="testng.GroupingFor.smoke.day3" name="carTelematicValidation" time="0.0">
    <ignored/>
  </testcase> <!-- carTelematicValidation -->
  <testcase classname="testng.GroupingFor.smoke.day3" name="carCoverageValidation" time="0.0">
    <ignored/>
  </testcase> <!-- carCoverageValidation -->
  <testcase classname="testng.GroupingFor.smoke.day3" name="carZeroDipValidation" time="0.0">
    <ignored/>
  </testcase> <!-- carZeroDipValidation -->
  <testcase classname="testng.GroupingFor.smoke.day1" name="tet2" time="0.0">
    <ignored/>
  </testcase> <!-- tet2 -->
  <testcase classname="testng.GroupingFor.smoke.day3" name="carLoanAPILigin" time="0.0">
    <ignored/>
  </testcase> <!-- carLoanAPILigin -->
  <testcase classname="testng.GroupingFor.smoke.day3" name="carLoanWebLigin" time="0.0">
    <ignored/>
  </testcase> <!-- carLoanWebLigin -->
</testsuite> <!-- GroupsTest -->
